<?xml version="1.0" encoding="UTF-8"?>
<testsuite xmlns:xsi="http://www.w3.org/2001/XMLSchema-instance" xsi:noNamespaceSchemaLocation="https://maven.apache.org/surefire/maven-surefire-plugin/xsd/surefire-test-report-3.0.xsd" version="3.0" name="tests.ChatFunctionalityTest" time="29.881" tests="1" errors="0" skipped="0" failures="0">
  <properties>
    <property name="java.specification.version" value="21"/>
    <property name="sun.cpu.isalist" value="amd64"/>
    <property name="sun.jnu.encoding" value="Cp1250"/>
    <property name="java.class.path" value="C:\Users\macie\IdeaProjects\UI_Tests\KLIK-Project\target\test-classes;C:\Users\macie\IdeaProjects\UI_Tests\KLIK-Project\target\classes;C:\Users\macie\.m2\repository\org\seleniumhq\selenium\selenium-remote-driver\4.3.0\selenium-remote-driver-4.3.0.jar;C:\Users\macie\.m2\repository\com\beust\jcommander\1.82\jcommander-1.82.jar;C:\Users\macie\.m2\repository\com\google\auto\service\auto-service-annotations\1.0.1\auto-service-annotations-1.0.1.jar;C:\Users\macie\.m2\repository\com\google\auto\service\auto-service\1.0.1\auto-service-1.0.1.jar;C:\Users\macie\.m2\repository\com\google\auto\auto-common\1.2\auto-common-1.2.jar;C:\Users\macie\.m2\repository\com\google\guava\guava\31.1-jre\guava-31.1-jre.jar;C:\Users\macie\.m2\repository\com\google\guava\failureaccess\1.0.1\failureaccess-1.0.1.jar;C:\Users\macie\.m2\repository\com\google\guava\listenablefuture\9999.0-empty-to-avoid-conflict-with-guava\listenablefuture-9999.0-empty-to-avoid-conflict-with-guava.jar;C:\Users\macie\.m2\repository\com\google\code\findbugs\jsr305\3.0.2\jsr305-3.0.2.jar;C:\Users\macie\.m2\repository\org\checkerframework\checker-qual\3.12.0\checker-qual-3.12.0.jar;C:\Users\macie\.m2\repository\com\google\errorprone\error_prone_annotations\2.11.0\error_prone_annotations-2.11.0.jar;C:\Users\macie\.m2\repository\com\google\j2objc\j2objc-annotations\1.3\j2objc-annotations-1.3.jar;C:\Users\macie\.m2\repository\io\netty\netty-buffer\4.1.78.Final\netty-buffer-4.1.78.Final.jar;C:\Users\macie\.m2\repository\io\netty\netty-codec-http\4.1.78.Final\netty-codec-http-4.1.78.Final.jar;C:\Users\macie\.m2\repository\io\netty\netty-codec\4.1.78.Final\netty-codec-4.1.78.Final.jar;C:\Users\macie\.m2\repository\io\netty\netty-handler\4.1.78.Final\netty-handler-4.1.78.Final.jar;C:\Users\macie\.m2\repository\io\netty\netty-common\4.1.78.Final\netty-common-4.1.78.Final.jar;C:\Users\macie\.m2\repository\io\netty\netty-transport-classes-epoll\4.1.78.Final\netty-transport-classes-epoll-4.1.78.Final.jar;C:\Users\macie\.m2\repository\io\netty\netty-transport-classes-kqueue\4.1.78.Final\netty-transport-classes-kqueue-4.1.78.Final.jar;C:\Users\macie\.m2\repository\io\netty\netty-transport-native-epoll\4.1.78.Final\netty-transport-native-epoll-4.1.78.Final.jar;C:\Users\macie\.m2\repository\io\netty\netty-transport-native-kqueue\4.1.78.Final\netty-transport-native-kqueue-4.1.78.Final.jar;C:\Users\macie\.m2\repository\io\netty\netty-transport-native-unix-common\4.1.78.Final\netty-transport-native-unix-common-4.1.78.Final.jar;C:\Users\macie\.m2\repository\io\netty\netty-transport\4.1.78.Final\netty-transport-4.1.78.Final.jar;C:\Users\macie\.m2\repository\io\netty\netty-resolver\4.1.78.Final\netty-resolver-4.1.78.Final.jar;C:\Users\macie\.m2\repository\io\opentelemetry\opentelemetry-api\1.15.0\opentelemetry-api-1.15.0.jar;C:\Users\macie\.m2\repository\io\opentelemetry\opentelemetry-context\1.15.0\opentelemetry-context-1.15.0.jar;C:\Users\macie\.m2\repository\io\opentelemetry\opentelemetry-exporter-logging\1.15.0\opentelemetry-exporter-logging-1.15.0.jar;C:\Users\macie\.m2\repository\io\opentelemetry\opentelemetry-sdk-metrics\1.15.0\opentelemetry-sdk-metrics-1.15.0.jar;C:\Users\macie\.m2\repository\io\opentelemetry\opentelemetry-sdk-logs\1.15.0-alpha\opentelemetry-sdk-logs-1.15.0-alpha.jar;C:\Users\macie\.m2\repository\io\opentelemetry\opentelemetry-sdk-common\1.15.0\opentelemetry-sdk-common-1.15.0.jar;C:\Users\macie\.m2\repository\io\opentelemetry\opentelemetry-sdk-extension-autoconfigure-spi\1.15.0\opentelemetry-sdk-extension-autoconfigure-spi-1.15.0.jar;C:\Users\macie\.m2\repository\io\opentelemetry\opentelemetry-sdk-extension-autoconfigure\1.15.0-alpha\opentelemetry-sdk-extension-autoconfigure-1.15.0-alpha.jar;C:\Users\macie\.m2\repository\io\opentelemetry\opentelemetry-sdk-trace\1.15.0\opentelemetry-sdk-trace-1.15.0.jar;C:\Users\macie\.m2\repository\io\opentelemetry\opentelemetry-sdk\1.15.0\opentelemetry-sdk-1.15.0.jar;C:\Users\macie\.m2\repository\io\opentelemetry\opentelemetry-semconv\1.15.0-alpha\opentelemetry-semconv-1.15.0-alpha.jar;C:\Users\macie\.m2\repository\io\ous\jtoml\2.0.0\jtoml-2.0.0.jar;C:\Users\macie\.m2\repository\net\bytebuddy\byte-buddy\1.12.10\byte-buddy-1.12.10.jar;C:\Users\macie\.m2\repository\org\apache\commons\commons-exec\1.3\commons-exec-1.3.jar;C:\Users\macie\.m2\repository\org\asynchttpclient\async-http-client\2.12.3\async-http-client-2.12.3.jar;C:\Users\macie\.m2\repository\org\asynchttpclient\async-http-client-netty-utils\2.12.3\async-http-client-netty-utils-2.12.3.jar;C:\Users\macie\.m2\repository\io\netty\netty-codec-socks\4.1.60.Final\netty-codec-socks-4.1.60.Final.jar;C:\Users\macie\.m2\repository\io\netty\netty-handler-proxy\4.1.60.Final\netty-handler-proxy-4.1.60.Final.jar;C:\Users\macie\.m2\repository\io\netty\netty-transport-native-epoll\4.1.60.Final\netty-transport-native-epoll-4.1.60.Final-linux-x86_64.jar;C:\Users\macie\.m2\repository\io\netty\netty-transport-native-kqueue\4.1.60.Final\netty-transport-native-kqueue-4.1.60.Final-osx-x86_64.jar;C:\Users\macie\.m2\repository\org\reactivestreams\reactive-streams\1.0.3\reactive-streams-1.0.3.jar;C:\Users\macie\.m2\repository\com\typesafe\netty\netty-reactive-streams\2.0.4\netty-reactive-streams-2.0.4.jar;C:\Users\macie\.m2\repository\com\sun\activation\jakarta.activation\1.2.2\jakarta.activation-1.2.2.jar;C:\Users\macie\.m2\repository\org\seleniumhq\selenium\selenium-api\4.3.0\selenium-api-4.3.0.jar;C:\Users\macie\.m2\repository\org\seleniumhq\selenium\selenium-http\4.3.0\selenium-http-4.3.0.jar;C:\Users\macie\.m2\repository\dev\failsafe\failsafe\3.2.4\failsafe-3.2.4.jar;C:\Users\macie\.m2\repository\org\seleniumhq\selenium\selenium-json\4.3.0\selenium-json-4.3.0.jar;C:\Users\macie\.m2\repository\org\seleniumhq\selenium\selenium-support\4.3.0\selenium-support-4.3.0.jar;C:\Users\macie\.m2\repository\org\seleniumhq\selenium\selenium-java\4.3.0\selenium-java-4.3.0.jar;C:\Users\macie\.m2\repository\org\seleniumhq\selenium\selenium-chrome-driver\4.3.0\selenium-chrome-driver-4.3.0.jar;C:\Users\macie\.m2\repository\org\seleniumhq\selenium\selenium-chromium-driver\4.3.0\selenium-chromium-driver-4.3.0.jar;C:\Users\macie\.m2\repository\org\seleniumhq\selenium\selenium-devtools-v101\4.3.0\selenium-devtools-v101-4.3.0.jar;C:\Users\macie\.m2\repository\org\seleniumhq\selenium\selenium-devtools-v102\4.3.0\selenium-devtools-v102-4.3.0.jar;C:\Users\macie\.m2\repository\org\seleniumhq\selenium\selenium-devtools-v103\4.3.0\selenium-devtools-v103-4.3.0.jar;C:\Users\macie\.m2\repository\org\seleniumhq\selenium\selenium-devtools-v85\4.3.0\selenium-devtools-v85-4.3.0.jar;C:\Users\macie\.m2\repository\org\seleniumhq\selenium\selenium-edge-driver\4.3.0\selenium-edge-driver-4.3.0.jar;C:\Users\macie\.m2\repository\org\seleniumhq\selenium\selenium-firefox-driver\4.3.0\selenium-firefox-driver-4.3.0.jar;C:\Users\macie\.m2\repository\org\seleniumhq\selenium\selenium-ie-driver\4.3.0\selenium-ie-driver-4.3.0.jar;C:\Users\macie\.m2\repository\org\seleniumhq\selenium\selenium-opera-driver\4.3.0\selenium-opera-driver-4.3.0.jar;C:\Users\macie\.m2\repository\org\seleniumhq\selenium\selenium-safari-driver\4.3.0\selenium-safari-driver-4.3.0.jar;C:\Users\macie\.m2\repository\io\github\bonigarcia\webdrivermanager\5.8.0\webdrivermanager-5.8.0.jar;C:\Users\macie\.m2\repository\com\google\code\gson\gson\2.10.1\gson-2.10.1.jar;C:\Users\macie\.m2\repository\com\github\docker-java\docker-java\3.3.6\docker-java-3.3.6.jar;C:\Users\macie\.m2\repository\com\github\docker-java\docker-java-core\3.3.6\docker-java-core-3.3.6.jar;C:\Users\macie\.m2\repository\com\github\docker-java\docker-java-api\3.3.6\docker-java-api-3.3.6.jar;C:\Users\macie\.m2\repository\com\fasterxml\jackson\core\jackson-annotations\2.10.3\jackson-annotations-2.10.3.jar;C:\Users\macie\.m2\repository\com\fasterxml\jackson\core\jackson-databind\2.10.3\jackson-databind-2.10.3.jar;C:\Users\macie\.m2\repository\com\fasterxml\jackson\core\jackson-core\2.10.3\jackson-core-2.10.3.jar;C:\Users\macie\.m2\repository\org\bouncycastle\bcpkix-jdk18on\1.76\bcpkix-jdk18on-1.76.jar;C:\Users\macie\.m2\repository\org\bouncycastle\bcprov-jdk18on\1.76\bcprov-jdk18on-1.76.jar;C:\Users\macie\.m2\repository\org\bouncycastle\bcutil-jdk18on\1.76\bcutil-jdk18on-1.76.jar;C:\Users\macie\.m2\repository\org\slf4j\jcl-over-slf4j\1.7.30\jcl-over-slf4j-1.7.30.jar;C:\Users\macie\.m2\repository\com\github\docker-java\docker-java-transport-httpclient5\3.3.6\docker-java-transport-httpclient5-3.3.6.jar;C:\Users\macie\.m2\repository\com\github\docker-java\docker-java-transport\3.3.6\docker-java-transport-3.3.6.jar;C:\Users\macie\.m2\repository\net\java\dev\jna\jna\5.13.0\jna-5.13.0.jar;C:\Users\macie\.m2\repository\org\brotli\dec\0.1.2\dec-0.1.2.jar;C:\Users\macie\.m2\repository\org\apache\commons\commons-lang3\3.14.0\commons-lang3-3.14.0.jar;C:\Users\macie\.m2\repository\org\apache\commons\commons-compress\1.26.1\commons-compress-1.26.1.jar;C:\Users\macie\.m2\repository\commons-codec\commons-codec\1.16.1\commons-codec-1.16.1.jar;C:\Users\macie\.m2\repository\commons-io\commons-io\2.15.1\commons-io-2.15.1.jar;C:\Users\macie\.m2\repository\org\apache\httpcomponents\client5\httpclient5\5.2.1\httpclient5-5.2.1.jar;C:\Users\macie\.m2\repository\org\apache\httpcomponents\core5\httpcore5\5.2\httpcore5-5.2.jar;C:\Users\macie\.m2\repository\org\apache\httpcomponents\core5\httpcore5-h2\5.2\httpcore5-h2-5.2.jar;C:\Users\macie\.m2\repository\org\projectlombok\lombok\1.18.30\lombok-1.18.30.jar;C:\Users\macie\.m2\repository\com\github\javafaker\javafaker\1.0.2\javafaker-1.0.2.jar;C:\Users\macie\.m2\repository\org\yaml\snakeyaml\1.23\snakeyaml-1.23-android.jar;C:\Users\macie\.m2\repository\com\github\mifmif\generex\1.0.2\generex-1.0.2.jar;C:\Users\macie\.m2\repository\dk\brics\automaton\automaton\1.11-8\automaton-1.11-8.jar;C:\Users\macie\.m2\repository\org\slf4j\slf4j-api\2.0.1\slf4j-api-2.0.1.jar;C:\Users\macie\.m2\repository\ch\qos\logback\logback-classic\1.5.0\logback-classic-1.5.0.jar;C:\Users\macie\.m2\repository\ch\qos\logback\logback-core\1.5.0\logback-core-1.5.0.jar;C:\Users\macie\.m2\repository\org\junit\jupiter\junit-jupiter-api\5.7.2\junit-jupiter-api-5.7.2.jar;C:\Users\macie\.m2\repository\org\apiguardian\apiguardian-api\1.1.0\apiguardian-api-1.1.0.jar;C:\Users\macie\.m2\repository\org\opentest4j\opentest4j\1.2.0\opentest4j-1.2.0.jar;C:\Users\macie\.m2\repository\org\junit\platform\junit-platform-commons\1.7.2\junit-platform-commons-1.7.2.jar;C:\Users\macie\.m2\repository\org\assertj\assertj-core\3.25.3\assertj-core-3.25.3.jar;C:\Users\macie\.m2\repository\io\qameta\allure\allure-junit5\2.25.0\allure-junit5-2.25.0.jar;C:\Users\macie\.m2\repository\io\qameta\allure\allure-junit-platform\2.25.0\allure-junit-platform-2.25.0.jar;C:\Users\macie\.m2\repository\io\qameta\allure\allure-test-filter\2.25.0\allure-test-filter-2.25.0.jar;C:\Users\macie\.m2\repository\org\junit\platform\junit-platform-launcher\1.9.2\junit-platform-launcher-1.9.2.jar;C:\Users\macie\.m2\repository\org\junit\platform\junit-platform-engine\1.9.2\junit-platform-engine-1.9.2.jar;C:\Users\macie\.m2\repository\io\qameta\allure\allure-java-commons\2.25.0\allure-java-commons-2.25.0.jar;C:\Users\macie\.m2\repository\io\qameta\allure\allure-model\2.25.0\allure-model-2.25.0.jar;"/>
    <property name="java.vm.vendor" value="Oracle Corporation"/>
    <property name="sun.arch.data.model" value="64"/>
    <property name="user.variant" value=""/>
    <property name="java.vendor.url" value="https://java.oracle.com/"/>
    <property name="user.timezone" value="Europe/Warsaw"/>
    <property name="os.name" value="Windows 11"/>
    <property name="java.vm.specification.version" value="21"/>
    <property name="sun.java.launcher" value="SUN_STANDARD"/>
    <property name="user.country" value="PL"/>
    <property name="sun.boot.library.path" value="C:\Program Files\Java\jdk-21\bin"/>
    <property name="sun.java.command" value="C:\Users\macie\AppData\Local\Temp\surefire13391079508262171953\surefirebooter-20240517023007976_3.jar C:\Users\macie\AppData\Local\Temp\surefire13391079508262171953 2024-05-17T02-30-07_815-jvmRun1 surefire-20240517023007976_1tmp surefire_0-20240517023007976_2tmp"/>
    <property name="jdk.debug" value="release"/>
    <property name="surefire.test.class.path" value="C:\Users\macie\IdeaProjects\UI_Tests\KLIK-Project\target\test-classes;C:\Users\macie\IdeaProjects\UI_Tests\KLIK-Project\target\classes;C:\Users\macie\.m2\repository\org\seleniumhq\selenium\selenium-remote-driver\4.3.0\selenium-remote-driver-4.3.0.jar;C:\Users\macie\.m2\repository\com\beust\jcommander\1.82\jcommander-1.82.jar;C:\Users\macie\.m2\repository\com\google\auto\service\auto-service-annotations\1.0.1\auto-service-annotations-1.0.1.jar;C:\Users\macie\.m2\repository\com\google\auto\service\auto-service\1.0.1\auto-service-1.0.1.jar;C:\Users\macie\.m2\repository\com\google\auto\auto-common\1.2\auto-common-1.2.jar;C:\Users\macie\.m2\repository\com\google\guava\guava\31.1-jre\guava-31.1-jre.jar;C:\Users\macie\.m2\repository\com\google\guava\failureaccess\1.0.1\failureaccess-1.0.1.jar;C:\Users\macie\.m2\repository\com\google\guava\listenablefuture\9999.0-empty-to-avoid-conflict-with-guava\listenablefuture-9999.0-empty-to-avoid-conflict-with-guava.jar;C:\Users\macie\.m2\repository\com\google\code\findbugs\jsr305\3.0.2\jsr305-3.0.2.jar;C:\Users\macie\.m2\repository\org\checkerframework\checker-qual\3.12.0\checker-qual-3.12.0.jar;C:\Users\macie\.m2\repository\com\google\errorprone\error_prone_annotations\2.11.0\error_prone_annotations-2.11.0.jar;C:\Users\macie\.m2\repository\com\google\j2objc\j2objc-annotations\1.3\j2objc-annotations-1.3.jar;C:\Users\macie\.m2\repository\io\netty\netty-buffer\4.1.78.Final\netty-buffer-4.1.78.Final.jar;C:\Users\macie\.m2\repository\io\netty\netty-codec-http\4.1.78.Final\netty-codec-http-4.1.78.Final.jar;C:\Users\macie\.m2\repository\io\netty\netty-codec\4.1.78.Final\netty-codec-4.1.78.Final.jar;C:\Users\macie\.m2\repository\io\netty\netty-handler\4.1.78.Final\netty-handler-4.1.78.Final.jar;C:\Users\macie\.m2\repository\io\netty\netty-common\4.1.78.Final\netty-common-4.1.78.Final.jar;C:\Users\macie\.m2\repository\io\netty\netty-transport-classes-epoll\4.1.78.Final\netty-transport-classes-epoll-4.1.78.Final.jar;C:\Users\macie\.m2\repository\io\netty\netty-transport-classes-kqueue\4.1.78.Final\netty-transport-classes-kqueue-4.1.78.Final.jar;C:\Users\macie\.m2\repository\io\netty\netty-transport-native-epoll\4.1.78.Final\netty-transport-native-epoll-4.1.78.Final.jar;C:\Users\macie\.m2\repository\io\netty\netty-transport-native-kqueue\4.1.78.Final\netty-transport-native-kqueue-4.1.78.Final.jar;C:\Users\macie\.m2\repository\io\netty\netty-transport-native-unix-common\4.1.78.Final\netty-transport-native-unix-common-4.1.78.Final.jar;C:\Users\macie\.m2\repository\io\netty\netty-transport\4.1.78.Final\netty-transport-4.1.78.Final.jar;C:\Users\macie\.m2\repository\io\netty\netty-resolver\4.1.78.Final\netty-resolver-4.1.78.Final.jar;C:\Users\macie\.m2\repository\io\opentelemetry\opentelemetry-api\1.15.0\opentelemetry-api-1.15.0.jar;C:\Users\macie\.m2\repository\io\opentelemetry\opentelemetry-context\1.15.0\opentelemetry-context-1.15.0.jar;C:\Users\macie\.m2\repository\io\opentelemetry\opentelemetry-exporter-logging\1.15.0\opentelemetry-exporter-logging-1.15.0.jar;C:\Users\macie\.m2\repository\io\opentelemetry\opentelemetry-sdk-metrics\1.15.0\opentelemetry-sdk-metrics-1.15.0.jar;C:\Users\macie\.m2\repository\io\opentelemetry\opentelemetry-sdk-logs\1.15.0-alpha\opentelemetry-sdk-logs-1.15.0-alpha.jar;C:\Users\macie\.m2\repository\io\opentelemetry\opentelemetry-sdk-common\1.15.0\opentelemetry-sdk-common-1.15.0.jar;C:\Users\macie\.m2\repository\io\opentelemetry\opentelemetry-sdk-extension-autoconfigure-spi\1.15.0\opentelemetry-sdk-extension-autoconfigure-spi-1.15.0.jar;C:\Users\macie\.m2\repository\io\opentelemetry\opentelemetry-sdk-extension-autoconfigure\1.15.0-alpha\opentelemetry-sdk-extension-autoconfigure-1.15.0-alpha.jar;C:\Users\macie\.m2\repository\io\opentelemetry\opentelemetry-sdk-trace\1.15.0\opentelemetry-sdk-trace-1.15.0.jar;C:\Users\macie\.m2\repository\io\opentelemetry\opentelemetry-sdk\1.15.0\opentelemetry-sdk-1.15.0.jar;C:\Users\macie\.m2\repository\io\opentelemetry\opentelemetry-semconv\1.15.0-alpha\opentelemetry-semconv-1.15.0-alpha.jar;C:\Users\macie\.m2\repository\io\ous\jtoml\2.0.0\jtoml-2.0.0.jar;C:\Users\macie\.m2\repository\net\bytebuddy\byte-buddy\1.12.10\byte-buddy-1.12.10.jar;C:\Users\macie\.m2\repository\org\apache\commons\commons-exec\1.3\commons-exec-1.3.jar;C:\Users\macie\.m2\repository\org\asynchttpclient\async-http-client\2.12.3\async-http-client-2.12.3.jar;C:\Users\macie\.m2\repository\org\asynchttpclient\async-http-client-netty-utils\2.12.3\async-http-client-netty-utils-2.12.3.jar;C:\Users\macie\.m2\repository\io\netty\netty-codec-socks\4.1.60.Final\netty-codec-socks-4.1.60.Final.jar;C:\Users\macie\.m2\repository\io\netty\netty-handler-proxy\4.1.60.Final\netty-handler-proxy-4.1.60.Final.jar;C:\Users\macie\.m2\repository\io\netty\netty-transport-native-epoll\4.1.60.Final\netty-transport-native-epoll-4.1.60.Final-linux-x86_64.jar;C:\Users\macie\.m2\repository\io\netty\netty-transport-native-kqueue\4.1.60.Final\netty-transport-native-kqueue-4.1.60.Final-osx-x86_64.jar;C:\Users\macie\.m2\repository\org\reactivestreams\reactive-streams\1.0.3\reactive-streams-1.0.3.jar;C:\Users\macie\.m2\repository\com\typesafe\netty\netty-reactive-streams\2.0.4\netty-reactive-streams-2.0.4.jar;C:\Users\macie\.m2\repository\com\sun\activation\jakarta.activation\1.2.2\jakarta.activation-1.2.2.jar;C:\Users\macie\.m2\repository\org\seleniumhq\selenium\selenium-api\4.3.0\selenium-api-4.3.0.jar;C:\Users\macie\.m2\repository\org\seleniumhq\selenium\selenium-http\4.3.0\selenium-http-4.3.0.jar;C:\Users\macie\.m2\repository\dev\failsafe\failsafe\3.2.4\failsafe-3.2.4.jar;C:\Users\macie\.m2\repository\org\seleniumhq\selenium\selenium-json\4.3.0\selenium-json-4.3.0.jar;C:\Users\macie\.m2\repository\org\seleniumhq\selenium\selenium-support\4.3.0\selenium-support-4.3.0.jar;C:\Users\macie\.m2\repository\org\seleniumhq\selenium\selenium-java\4.3.0\selenium-java-4.3.0.jar;C:\Users\macie\.m2\repository\org\seleniumhq\selenium\selenium-chrome-driver\4.3.0\selenium-chrome-driver-4.3.0.jar;C:\Users\macie\.m2\repository\org\seleniumhq\selenium\selenium-chromium-driver\4.3.0\selenium-chromium-driver-4.3.0.jar;C:\Users\macie\.m2\repository\org\seleniumhq\selenium\selenium-devtools-v101\4.3.0\selenium-devtools-v101-4.3.0.jar;C:\Users\macie\.m2\repository\org\seleniumhq\selenium\selenium-devtools-v102\4.3.0\selenium-devtools-v102-4.3.0.jar;C:\Users\macie\.m2\repository\org\seleniumhq\selenium\selenium-devtools-v103\4.3.0\selenium-devtools-v103-4.3.0.jar;C:\Users\macie\.m2\repository\org\seleniumhq\selenium\selenium-devtools-v85\4.3.0\selenium-devtools-v85-4.3.0.jar;C:\Users\macie\.m2\repository\org\seleniumhq\selenium\selenium-edge-driver\4.3.0\selenium-edge-driver-4.3.0.jar;C:\Users\macie\.m2\repository\org\seleniumhq\selenium\selenium-firefox-driver\4.3.0\selenium-firefox-driver-4.3.0.jar;C:\Users\macie\.m2\repository\org\seleniumhq\selenium\selenium-ie-driver\4.3.0\selenium-ie-driver-4.3.0.jar;C:\Users\macie\.m2\repository\org\seleniumhq\selenium\selenium-opera-driver\4.3.0\selenium-opera-driver-4.3.0.jar;C:\Users\macie\.m2\repository\org\seleniumhq\selenium\selenium-safari-driver\4.3.0\selenium-safari-driver-4.3.0.jar;C:\Users\macie\.m2\repository\io\github\bonigarcia\webdrivermanager\5.8.0\webdrivermanager-5.8.0.jar;C:\Users\macie\.m2\repository\com\google\code\gson\gson\2.10.1\gson-2.10.1.jar;C:\Users\macie\.m2\repository\com\github\docker-java\docker-java\3.3.6\docker-java-3.3.6.jar;C:\Users\macie\.m2\repository\com\github\docker-java\docker-java-core\3.3.6\docker-java-core-3.3.6.jar;C:\Users\macie\.m2\repository\com\github\docker-java\docker-java-api\3.3.6\docker-java-api-3.3.6.jar;C:\Users\macie\.m2\repository\com\fasterxml\jackson\core\jackson-annotations\2.10.3\jackson-annotations-2.10.3.jar;C:\Users\macie\.m2\repository\com\fasterxml\jackson\core\jackson-databind\2.10.3\jackson-databind-2.10.3.jar;C:\Users\macie\.m2\repository\com\fasterxml\jackson\core\jackson-core\2.10.3\jackson-core-2.10.3.jar;C:\Users\macie\.m2\repository\org\bouncycastle\bcpkix-jdk18on\1.76\bcpkix-jdk18on-1.76.jar;C:\Users\macie\.m2\repository\org\bouncycastle\bcprov-jdk18on\1.76\bcprov-jdk18on-1.76.jar;C:\Users\macie\.m2\repository\org\bouncycastle\bcutil-jdk18on\1.76\bcutil-jdk18on-1.76.jar;C:\Users\macie\.m2\repository\org\slf4j\jcl-over-slf4j\1.7.30\jcl-over-slf4j-1.7.30.jar;C:\Users\macie\.m2\repository\com\github\docker-java\docker-java-transport-httpclient5\3.3.6\docker-java-transport-httpclient5-3.3.6.jar;C:\Users\macie\.m2\repository\com\github\docker-java\docker-java-transport\3.3.6\docker-java-transport-3.3.6.jar;C:\Users\macie\.m2\repository\net\java\dev\jna\jna\5.13.0\jna-5.13.0.jar;C:\Users\macie\.m2\repository\org\brotli\dec\0.1.2\dec-0.1.2.jar;C:\Users\macie\.m2\repository\org\apache\commons\commons-lang3\3.14.0\commons-lang3-3.14.0.jar;C:\Users\macie\.m2\repository\org\apache\commons\commons-compress\1.26.1\commons-compress-1.26.1.jar;C:\Users\macie\.m2\repository\commons-codec\commons-codec\1.16.1\commons-codec-1.16.1.jar;C:\Users\macie\.m2\repository\commons-io\commons-io\2.15.1\commons-io-2.15.1.jar;C:\Users\macie\.m2\repository\org\apache\httpcomponents\client5\httpclient5\5.2.1\httpclient5-5.2.1.jar;C:\Users\macie\.m2\repository\org\apache\httpcomponents\core5\httpcore5\5.2\httpcore5-5.2.jar;C:\Users\macie\.m2\repository\org\apache\httpcomponents\core5\httpcore5-h2\5.2\httpcore5-h2-5.2.jar;C:\Users\macie\.m2\repository\org\projectlombok\lombok\1.18.30\lombok-1.18.30.jar;C:\Users\macie\.m2\repository\com\github\javafaker\javafaker\1.0.2\javafaker-1.0.2.jar;C:\Users\macie\.m2\repository\org\yaml\snakeyaml\1.23\snakeyaml-1.23-android.jar;C:\Users\macie\.m2\repository\com\github\mifmif\generex\1.0.2\generex-1.0.2.jar;C:\Users\macie\.m2\repository\dk\brics\automaton\automaton\1.11-8\automaton-1.11-8.jar;C:\Users\macie\.m2\repository\org\slf4j\slf4j-api\2.0.1\slf4j-api-2.0.1.jar;C:\Users\macie\.m2\repository\ch\qos\logback\logback-classic\1.5.0\logback-classic-1.5.0.jar;C:\Users\macie\.m2\repository\ch\qos\logback\logback-core\1.5.0\logback-core-1.5.0.jar;C:\Users\macie\.m2\repository\org\junit\jupiter\junit-jupiter-api\5.7.2\junit-jupiter-api-5.7.2.jar;C:\Users\macie\.m2\repository\org\apiguardian\apiguardian-api\1.1.0\apiguardian-api-1.1.0.jar;C:\Users\macie\.m2\repository\org\opentest4j\opentest4j\1.2.0\opentest4j-1.2.0.jar;C:\Users\macie\.m2\repository\org\junit\platform\junit-platform-commons\1.7.2\junit-platform-commons-1.7.2.jar;C:\Users\macie\.m2\repository\org\assertj\assertj-core\3.25.3\assertj-core-3.25.3.jar;C:\Users\macie\.m2\repository\io\qameta\allure\allure-junit5\2.25.0\allure-junit5-2.25.0.jar;C:\Users\macie\.m2\repository\io\qameta\allure\allure-junit-platform\2.25.0\allure-junit-platform-2.25.0.jar;C:\Users\macie\.m2\repository\io\qameta\allure\allure-test-filter\2.25.0\allure-test-filter-2.25.0.jar;C:\Users\macie\.m2\repository\org\junit\platform\junit-platform-launcher\1.9.2\junit-platform-launcher-1.9.2.jar;C:\Users\macie\.m2\repository\org\junit\platform\junit-platform-engine\1.9.2\junit-platform-engine-1.9.2.jar;C:\Users\macie\.m2\repository\io\qameta\allure\allure-java-commons\2.25.0\allure-java-commons-2.25.0.jar;C:\Users\macie\.m2\repository\io\qameta\allure\allure-model\2.25.0\allure-model-2.25.0.jar;"/>
    <property name="sun.cpu.endian" value="little"/>
    <property name="user.home" value="C:\Users\macie"/>
    <property name="user.language" value="pl"/>
    <property name="java.specification.vendor" value="Oracle Corporation"/>
    <property name="java.version.date" value="2024-01-16"/>
    <property name="java.home" value="C:\Program Files\Java\jdk-21"/>
    <property name="file.separator" value="\"/>
    <property name="basedir" value="C:\Users\macie\IdeaProjects\UI_Tests\KLIK-Project"/>
    <property name="java.vm.compressedOopsMode" value="Zero based"/>
    <property name="line.separator" value="&#10;"/>
    <property name="java.vm.specification.vendor" value="Oracle Corporation"/>
    <property name="java.specification.name" value="Java Platform API Specification"/>
    <property name="surefire.real.class.path" value="C:\Users\macie\AppData\Local\Temp\surefire13391079508262171953\surefirebooter-20240517023007976_3.jar"/>
    <property name="user.script" value=""/>
    <property name="sun.management.compiler" value="HotSpot 64-Bit Tiered Compilers"/>
    <property name="java.runtime.version" value="21.0.2+13-LTS-58"/>
    <property name="user.name" value="macie"/>
    <property name="stdout.encoding" value="Cp1250"/>
    <property name="path.separator" value=";"/>
    <property name="otel.metrics.exporter" value="none"/>
    <property name="os.version" value="10.0"/>
    <property name="java.runtime.name" value="Java(TM) SE Runtime Environment"/>
    <property name="otel.traces.exporter" value="none"/>
    <property name="file.encoding" value="UTF-8"/>
    <property name="java.vm.name" value="Java HotSpot(TM) 64-Bit Server VM"/>
    <property name="localRepository" value="C:\Users\macie\.m2\repository"/>
    <property name="java.vendor.url.bug" value="https://bugreport.java.com/bugreport/"/>
    <property name="java.io.tmpdir" value="C:\Users\macie\AppData\Local\Temp\"/>
    <property name="java.version" value="21.0.2"/>
    <property name="user.dir" value="C:\Users\macie\IdeaProjects\UI_Tests\KLIK-Project"/>
    <property name="os.arch" value="amd64"/>
    <property name="java.vm.specification.name" value="Java Virtual Machine Specification"/>
    <property name="sun.os.patch.level" value=""/>
    <property name="native.encoding" value="Cp1250"/>
    <property name="java.library.path" value="C:\Program Files\Java\jdk-21\bin;C:\WINDOWS\Sun\Java\bin;C:\WINDOWS\system32;C:\WINDOWS;C:\Program Files\NVIDIA GPU Computing Toolkit\CUDA\v12.1\bin;C:\Program Files\NVIDIA GPU Computing Toolkit\CUDA\v12.1\libnvvp;C:\Program Files\NVIDIA GPU Computing Toolkit\CUDA\v11.8\bin;C:\Program Files\NVIDIA GPU Computing Toolkit\CUDA\v11.8\libnvvp;C:\Program Files\Oculus\Support\oculus-runtime;C:\Program Files\Common Files\Oracle\Java\javapath;C:\Windows\system32;C:\Windows;C:\Windows\System32\Wbem;C:\Windows\System32\WindowsPowerShell\v1.0\;C:\Windows\System32\OpenSSH\;C:\Program Files (x86)\NVIDIA Corporation\PhysX\Common;C:\Program Files (x86)\dotnet\;C:\Program Files\Git\cmd;C:\Program Files\Java\jdk-21\bin;C:\Program Files (x86)\apache-maven-3.9.6\bin;C:\WINDOWS\system32;C:\WINDOWS;C:\WINDOWS\System32\Wbem;C:\WINDOWS\System32\WindowsPowerShell\v1.0\;C:\WINDOWS\System32\OpenSSH\;C:\Program Files\dotnet\;C:\Program Files\NVIDIA Corporation\NVIDIA NvDLISR;C:\WINDOWS\system32;C:\WINDOWS;C:\WINDOWS\System32\Wbem;C:\WINDOWS\System32\WindowsPowerShell\v1.0\;C:\WINDOWS\System32\OpenSSH\;C:\Program Files (x86)\Windows Kits\10\Windows Performance Toolkit\;C:\Program Files\nodejs\;C:\Program Files\NVIDIA Corporation\Nsight Compute 2023.1.0\;C:\Users\macie\scoop\shims;C:\Users\macie\AppData\Local\Programs\Python\Python310\Scripts\;C:\Users\macie\AppData\Local\Programs\Python\Python310\;C:\Users\macie\AppData\Local\Microsoft\WindowsApps;C:\Users\macie\IntelliJ IDEA Community Edition 2023.3.6\bin;;C:\Program Files\Java\jdk-21\bin;C:\Program Files (x86)\apache-maven-3.9.6\bin;C:\Users\macie\AppData\Local\Programs\Microsoft VS Code\bin;C:\Program Files\JetBrains\PyCharm Community Edition 2023.2.2\bin;;C:\Program Files\Oracle\VirtualBox;C:\ffmpeg\bin;C:\Users\macie\AppData\Roaming\npm;C:\Users\macie\.dotnet\tools;C:\Users\macie\MiniConda3\condabin;;."/>
    <property name="java.vm.info" value="mixed mode, sharing"/>
    <property name="stderr.encoding" value="Cp1250"/>
    <property name="java.vendor" value="Oracle Corporation"/>
    <property name="java.vm.version" value="21.0.2+13-LTS-58"/>
    <property name="sun.io.unicode.encoding" value="UnicodeLittle"/>
    <property name="java.class.version" value="65.0"/>
  </properties>
  <testcase name="chatTest" classname="tests.ChatFunctionalityTest" time="27.627">
    <system-out><![CDATA[02:30:12.390 &amp#27;[1;36mmain&amp#27;[0;39m &amp#27;[1;32mWebP&amp#27;[0;39m &amp#27;[34mINFO&amp#27;[0;39m Clicked element: '[[[[RemoteWebDriver: chrome on LINUX (2f448ca061f21596f0d11cfcbe1cde0e)] -> xpath: //div[@class='container']]] -> xpath: .//a[@href='signup.php']]'
02:30:12.686 &amp#27;[1;36mmain&amp#27;[0;39m &amp#27;[1;32mWebP&amp#27;[0;39m &amp#27;[34mINFO&amp#27;[0;39m Entered text: 'LindsaySchmitt937341' into '[[[[RemoteWebDriver: chrome on LINUX (2f448ca061f21596f0d11cfcbe1cde0e)] -> xpath: //h1[.='Signup and Lets Go!']/ancestor::div[@class='container']]] -> xpath: .//*[@placeholder]]'
02:30:12.889 &amp#27;[1;36mmain&amp#27;[0;39m &amp#27;[1;32mWebP&amp#27;[0;39m &amp#27;[34mINFO&amp#27;[0;39m Entered text: 'testEmail@com.com' into '[[[[RemoteWebDriver: chrome on LINUX (2f448ca061f21596f0d11cfcbe1cde0e)] -> xpath: //h1[.='Signup and Lets Go!']/ancestor::div[@class='container']]] -> xpath: .//*[@placeholder]]'
02:30:13.070 &amp#27;[1;36mmain&amp#27;[0;39m &amp#27;[1;32mWebP&amp#27;[0;39m &amp#27;[34mINFO&amp#27;[0;39m Entered hidden text into '[[[[RemoteWebDriver: chrome on LINUX (2f448ca061f21596f0d11cfcbe1cde0e)] -> xpath: //h1[.='Signup and Lets Go!']/ancestor::div[@class='container']]] -> xpath: .//*[@placeholder]]'
02:30:13.247 &amp#27;[1;36mmain&amp#27;[0;39m &amp#27;[1;32mWebP&amp#27;[0;39m &amp#27;[34mINFO&amp#27;[0;39m Entered text: '8384470178' into '[[[[RemoteWebDriver: chrome on LINUX (2f448ca061f21596f0d11cfcbe1cde0e)] -> xpath: //h1[.='Signup and Lets Go!']/ancestor::div[@class='container']]] -> xpath: .//*[@placeholder]]'
02:30:13.444 &amp#27;[1;36mmain&amp#27;[0;39m &amp#27;[1;32mWebP&amp#27;[0;39m &amp#27;[34mINFO&amp#27;[0;39m Entered text: 'Lindsay' into '[[[[RemoteWebDriver: chrome on LINUX (2f448ca061f21596f0d11cfcbe1cde0e)] -> xpath: //h1[.='Signup and Lets Go!']/ancestor::div[@class='container']]] -> xpath: .//*[@placeholder]]'
02:30:13.694 &amp#27;[1;36mmain&amp#27;[0;39m &amp#27;[1;32mWebP&amp#27;[0;39m &amp#27;[34mINFO&amp#27;[0;39m Entered text: 'Schmitt' into '[[[[RemoteWebDriver: chrome on LINUX (2f448ca061f21596f0d11cfcbe1cde0e)] -> xpath: //h1[.='Signup and Lets Go!']/ancestor::div[@class='container']]] -> xpath: .//*[@placeholder]]'
02:30:13.901 &amp#27;[1;36mmain&amp#27;[0;39m &amp#27;[1;32mWebP&amp#27;[0;39m &amp#27;[34mINFO&amp#27;[0;39m Entered text: 'Games, Kids & Sports' into '[[[[RemoteWebDriver: chrome on LINUX (2f448ca061f21596f0d11cfcbe1cde0e)] -> xpath: //h1[.='Signup and Lets Go!']/ancestor::div[@class='container']]] -> xpath: .//*[@placeholder]]'
02:30:14.158 &amp#27;[1;36mmain&amp#27;[0;39m &amp#27;[1;32mWebP&amp#27;[0;39m &amp#27;[34mINFO&amp#27;[0;39m Entered text: 'Aww, gee, you got me there Rick.' into '[[[[RemoteWebDriver: chrome on LINUX (2f448ca061f21596f0d11cfcbe1cde0e)] -> xpath: //h1[.='Signup and Lets Go!']/ancestor::div[@class='container']]] -> xpath: .//*[@placeholder]]'
02:30:14.284 &amp#27;[1;36mmain&amp#27;[0;39m &amp#27;[1;32mWebP&amp#27;[0;39m &amp#27;[34mINFO&amp#27;[0;39m Uploaded file: 'C:\Users\macie\IdeaProjects\UI_Tests\KLIK-Project/src/test/java/data_provider/pictures/avatar.png' into '[[[[RemoteWebDriver: chrome on LINUX (2f448ca061f21596f0d11cfcbe1cde0e)] -> xpath: //h1[.='Signup and Lets Go!']/ancestor::div[@class='container']]] -> xpath: .//input[@id='imgInp']]'
02:30:14.393 &amp#27;[1;36mmain&amp#27;[0;39m &amp#27;[1;32mWebP&amp#27;[0;39m &amp#27;[34mINFO&amp#27;[0;39m Clicked element: '[[[[RemoteWebDriver: chrome on LINUX (2f448ca061f21596f0d11cfcbe1cde0e)] -> xpath: //h1[.='Signup and Lets Go!']/ancestor::div[@class='container']]] -> xpath: .//input[@value='Signup']]'
02:30:14.771 &amp#27;[1;36mmain&amp#27;[0;39m &amp#27;[1;32mWebP&amp#27;[0;39m &amp#27;[34mINFO&amp#27;[0;39m Entered text: 'CorinneKunze335577' into '[[[[RemoteWebDriver: chrome on LINUX (2f448ca061f21596f0d11cfcbe1cde0e)] -> xpath: //h1[.='Signup and Lets Go!']/ancestor::div[@class='container']]] -> xpath: .//*[@placeholder]]'
02:30:14.928 &amp#27;[1;36mmain&amp#27;[0;39m &amp#27;[1;32mWebP&amp#27;[0;39m &amp#27;[34mINFO&amp#27;[0;39m Entered text: 'testEmail@com.com' into '[[[[RemoteWebDriver: chrome on LINUX (2f448ca061f21596f0d11cfcbe1cde0e)] -> xpath: //h1[.='Signup and Lets Go!']/ancestor::div[@class='container']]] -> xpath: .//*[@placeholder]]'
02:30:15.135 &amp#27;[1;36mmain&amp#27;[0;39m &amp#27;[1;32mWebP&amp#27;[0;39m &amp#27;[34mINFO&amp#27;[0;39m Entered hidden text into '[[[[RemoteWebDriver: chrome on LINUX (2f448ca061f21596f0d11cfcbe1cde0e)] -> xpath: //h1[.='Signup and Lets Go!']/ancestor::div[@class='container']]] -> xpath: .//*[@placeholder]]'
02:30:15.315 &amp#27;[1;36mmain&amp#27;[0;39m &amp#27;[1;32mWebP&amp#27;[0;39m &amp#27;[34mINFO&amp#27;[0;39m Entered text: '8721805714' into '[[[[RemoteWebDriver: chrome on LINUX (2f448ca061f21596f0d11cfcbe1cde0e)] -> xpath: //h1[.='Signup and Lets Go!']/ancestor::div[@class='container']]] -> xpath: .//*[@placeholder]]'
02:30:15.489 &amp#27;[1;36mmain&amp#27;[0;39m &amp#27;[1;32mWebP&amp#27;[0;39m &amp#27;[34mINFO&amp#27;[0;39m Entered text: 'Corinne' into '[[[[RemoteWebDriver: chrome on LINUX (2f448ca061f21596f0d11cfcbe1cde0e)] -> xpath: //h1[.='Signup and Lets Go!']/ancestor::div[@class='container']]] -> xpath: .//*[@placeholder]]'
02:30:15.698 &amp#27;[1;36mmain&amp#27;[0;39m &amp#27;[1;32mWebP&amp#27;[0;39m &amp#27;[34mINFO&amp#27;[0;39m Entered text: 'Kunze' into '[[[[RemoteWebDriver: chrome on LINUX (2f448ca061f21596f0d11cfcbe1cde0e)] -> xpath: //h1[.='Signup and Lets Go!']/ancestor::div[@class='container']]] -> xpath: .//*[@placeholder]]'
02:30:15.963 &amp#27;[1;36mmain&amp#27;[0;39m &amp#27;[1;32mWebP&amp#27;[0;39m &amp#27;[34mINFO&amp#27;[0;39m Entered text: 'Computers & Tools' into '[[[[RemoteWebDriver: chrome on LINUX (2f448ca061f21596f0d11cfcbe1cde0e)] -> xpath: //h1[.='Signup and Lets Go!']/ancestor::div[@class='container']]] -> xpath: .//*[@placeholder]]'
02:30:16.225 &amp#27;[1;36mmain&amp#27;[0;39m &amp#27;[1;32mWebP&amp#27;[0;39m &amp#27;[34mINFO&amp#27;[0;39m Entered text: 'Don’t even trip dawg.' into '[[[[RemoteWebDriver: chrome on LINUX (2f448ca061f21596f0d11cfcbe1cde0e)] -> xpath: //h1[.='Signup and Lets Go!']/ancestor::div[@class='container']]] -> xpath: .//*[@placeholder]]'
02:30:16.363 &amp#27;[1;36mmain&amp#27;[0;39m &amp#27;[1;32mWebP&amp#27;[0;39m &amp#27;[34mINFO&amp#27;[0;39m Uploaded file: 'C:\Users\macie\IdeaProjects\UI_Tests\KLIK-Project/src/test/java/data_provider/pictures/avatar.png' into '[[[[RemoteWebDriver: chrome on LINUX (2f448ca061f21596f0d11cfcbe1cde0e)] -> xpath: //h1[.='Signup and Lets Go!']/ancestor::div[@class='container']]] -> xpath: .//input[@id='imgInp']]'
02:30:16.478 &amp#27;[1;36mmain&amp#27;[0;39m &amp#27;[1;32mWebP&amp#27;[0;39m &amp#27;[34mINFO&amp#27;[0;39m Clicked element: '[[[[RemoteWebDriver: chrome on LINUX (2f448ca061f21596f0d11cfcbe1cde0e)] -> xpath: //h1[.='Signup and Lets Go!']/ancestor::div[@class='container']]] -> xpath: .//input[@value='Signup']]'
02:30:16.931 &amp#27;[1;36mmain&amp#27;[0;39m &amp#27;[1;32mWebP&amp#27;[0;39m &amp#27;[34mINFO&amp#27;[0;39m Entered text: 'LindsaySchmitt937341' into '[[[[RemoteWebDriver: chrome on LINUX (2f448ca061f21596f0d11cfcbe1cde0e)] -> xpath: //div[@class='container']]] -> xpath: .//input[contains(@class, 'form-control form-control-lg')]]'
02:30:17.096 &amp#27;[1;36mmain&amp#27;[0;39m &amp#27;[1;32mWebP&amp#27;[0;39m &amp#27;[34mINFO&amp#27;[0;39m Entered hidden text into '[[[[RemoteWebDriver: chrome on LINUX (2f448ca061f21596f0d11cfcbe1cde0e)] -> xpath: //div[@class='container']]] -> xpath: .//input[contains(@class, 'form-control form-control-lg')]]'
02:30:17.198 &amp#27;[1;36mmain&amp#27;[0;39m &amp#27;[1;32mWebP&amp#27;[0;39m &amp#27;[34mINFO&amp#27;[0;39m Clicked element: '[[[[RemoteWebDriver: chrome on LINUX (2f448ca061f21596f0d11cfcbe1cde0e)] -> xpath: //div[@class='container']]] -> xpath: .//input[@name='login-submit']]'
02:30:21.655 &amp#27;[1;36mmain&amp#27;[0;39m &amp#27;[1;32mWebP&amp#27;[0;39m &amp#27;[34mINFO&amp#27;[0;39m Clicked element: '[[[[RemoteWebDriver: chrome on LINUX (2f448ca061f21596f0d11cfcbe1cde0e)] -> xpath: //div[@class='collapse navbar-collapse justify-content-right']]] -> xpath: .//li/a]'
02:30:22.751 &amp#27;[1;36mmain&amp#27;[0;39m &amp#27;[1;32mWebP&amp#27;[0;39m &amp#27;[34mINFO&amp#27;[0;39m Clicked element: '[[[[[[RemoteWebDriver: chrome on LINUX (2f448ca061f21596f0d11cfcbe1cde0e)] -> xpath: //div[@class='messaging']]] -> xpath: .//div[@class='inbox_chat']/a]] -> xpath: .//h5]'
02:30:23.031 &amp#27;[1;36mmain&amp#27;[0;39m &amp#27;[1;32mWebP&amp#27;[0;39m &amp#27;[34mINFO&amp#27;[0;39m Entered text: 'A hundred million people went to see a movie about what I do. I wonder how many people would go see a movie called Jurassic Parka. No, no, no, a bunch of out-of-control jackets take over an island!' into '[[[[RemoteWebDriver: chrome on LINUX (2f448ca061f21596f0d11cfcbe1cde0e)] -> xpath: //div[@class='messaging']]] -> xpath: .//textarea[@class='write_msg form-control-plaintext']]'
02:30:23.324 &amp#27;[1;36mmain&amp#27;[0;39m &amp#27;[1;32mWebP&amp#27;[0;39m &amp#27;[34mINFO&amp#27;[0;39m Clicked element: '[[[[RemoteWebDriver: chrome on LINUX (2f448ca061f21596f0d11cfcbe1cde0e)] -> xpath: //div[@class='messaging']]] -> xpath: .//button[@id='reply']]'
02:30:24.660 &amp#27;[1;36mmain&amp#27;[0;39m &amp#27;[1;32mWebP&amp#27;[0;39m &amp#27;[34mINFO&amp#27;[0;39m Clicked element: '[[[[RemoteWebDriver: chrome on LINUX (2f448ca061f21596f0d11cfcbe1cde0e)] -> xpath: //div[@class='collapse navbar-collapse justify-content-right']]] -> xpath: .//li/a]'
02:30:24.880 &amp#27;[1;36mmain&amp#27;[0;39m &amp#27;[1;32mWebP&amp#27;[0;39m &amp#27;[34mINFO&amp#27;[0;39m Entered text: 'CorinneKunze335577' into '[[[[RemoteWebDriver: chrome on LINUX (2f448ca061f21596f0d11cfcbe1cde0e)] -> xpath: //div[@class='container']]] -> xpath: .//input[contains(@class, 'form-control form-control-lg')]]'
02:30:25.061 &amp#27;[1;36mmain&amp#27;[0;39m &amp#27;[1;32mWebP&amp#27;[0;39m &amp#27;[34mINFO&amp#27;[0;39m Entered hidden text into '[[[[RemoteWebDriver: chrome on LINUX (2f448ca061f21596f0d11cfcbe1cde0e)] -> xpath: //div[@class='container']]] -> xpath: .//input[contains(@class, 'form-control form-control-lg')]]'
02:30:25.173 &amp#27;[1;36mmain&amp#27;[0;39m &amp#27;[1;32mWebP&amp#27;[0;39m &amp#27;[34mINFO&amp#27;[0;39m Clicked element: '[[[[RemoteWebDriver: chrome on LINUX (2f448ca061f21596f0d11cfcbe1cde0e)] -> xpath: //div[@class='container']]] -> xpath: .//input[@name='login-submit']]'
02:30:29.538 &amp#27;[1;36mmain&amp#27;[0;39m &amp#27;[1;32mWebP&amp#27;[0;39m &amp#27;[34mINFO&amp#27;[0;39m Clicked element: '[[[[RemoteWebDriver: chrome on LINUX (2f448ca061f21596f0d11cfcbe1cde0e)] -> xpath: //div[@class='collapse navbar-collapse justify-content-right']]] -> xpath: .//li/a]'
02:30:30.538 &amp#27;[1;36mmain&amp#27;[0;39m &amp#27;[1;32mWebP&amp#27;[0;39m &amp#27;[34mINFO&amp#27;[0;39m Clicked element: '[[[[[[RemoteWebDriver: chrome on LINUX (2f448ca061f21596f0d11cfcbe1cde0e)] -> xpath: //div[@class='messaging']]] -> xpath: .//div[@class='inbox_chat']/a]] -> xpath: .//h5]'
02:30:31.228 &amp#27;[1;36mmain&amp#27;[0;39m &amp#27;[1;32mWebP&amp#27;[0;39m &amp#27;[34mINFO&amp#27;[0;39m Entered text: 'You know what’s weird? Donald Duck never wore pants. But whenever he’s getting out of the shower, he always puts a towel around his waist. I mean, what is that about?' into '[[[[RemoteWebDriver: chrome on LINUX (2f448ca061f21596f0d11cfcbe1cde0e)] -> xpath: //div[@class='messaging']]] -> xpath: .//textarea[@class='write_msg form-control-plaintext']]'
02:30:31.500 &amp#27;[1;36mmain&amp#27;[0;39m &amp#27;[1;32mWebP&amp#27;[0;39m &amp#27;[34mINFO&amp#27;[0;39m Clicked element: '[[[[RemoteWebDriver: chrome on LINUX (2f448ca061f21596f0d11cfcbe1cde0e)] -> xpath: //div[@class='messaging']]] -> xpath: .//button[@id='reply']]'
02:30:32.841 &amp#27;[1;36mmain&amp#27;[0;39m &amp#27;[1;32mWebP&amp#27;[0;39m &amp#27;[34mINFO&amp#27;[0;39m Clicked element: '[[[[RemoteWebDriver: chrome on LINUX (2f448ca061f21596f0d11cfcbe1cde0e)] -> xpath: //div[@class='collapse navbar-collapse justify-content-right']]] -> xpath: .//li/a]'
02:30:33.013 &amp#27;[1;36mmain&amp#27;[0;39m &amp#27;[1;32mWebP&amp#27;[0;39m &amp#27;[34mINFO&amp#27;[0;39m Entered text: 'LindsaySchmitt937341' into '[[[[RemoteWebDriver: chrome on LINUX (2f448ca061f21596f0d11cfcbe1cde0e)] -> xpath: //div[@class='container']]] -> xpath: .//input[contains(@class, 'form-control form-control-lg')]]'
02:30:33.155 &amp#27;[1;36mmain&amp#27;[0;39m &amp#27;[1;32mWebP&amp#27;[0;39m &amp#27;[34mINFO&amp#27;[0;39m Entered hidden text into '[[[[RemoteWebDriver: chrome on LINUX (2f448ca061f21596f0d11cfcbe1cde0e)] -> xpath: //div[@class='container']]] -> xpath: .//input[contains(@class, 'form-control form-control-lg')]]'
02:30:33.303 &amp#27;[1;36mmain&amp#27;[0;39m &amp#27;[1;32mWebP&amp#27;[0;39m &amp#27;[34mINFO&amp#27;[0;39m Clicked element: '[[[[RemoteWebDriver: chrome on LINUX (2f448ca061f21596f0d11cfcbe1cde0e)] -> xpath: //div[@class='container']]] -> xpath: .//input[@name='login-submit']]'
02:30:37.659 &amp#27;[1;36mmain&amp#27;[0;39m &amp#27;[1;32mWebP&amp#27;[0;39m &amp#27;[34mINFO&amp#27;[0;39m Clicked element: '[[[[RemoteWebDriver: chrome on LINUX (2f448ca061f21596f0d11cfcbe1cde0e)] -> xpath: //div[@class='collapse navbar-collapse justify-content-right']]] -> xpath: .//li/a]'
02:30:38.603 &amp#27;[1;36mmain&amp#27;[0;39m &amp#27;[1;32mWebP&amp#27;[0;39m &amp#27;[34mINFO&amp#27;[0;39m Clicked element: '[[[[[[RemoteWebDriver: chrome on LINUX (2f448ca061f21596f0d11cfcbe1cde0e)] -> xpath: //div[@class='messaging']]] -> xpath: .//div[@class='inbox_chat']/a]] -> xpath: .//h5]'
]]></system-out>
    <system-err><![CDATA[maj 17, 2024 2:30:09 AM org.openqa.selenium.remote.tracing.opentelemetry.OpenTelemetryTracer createTracer
INFO: Using OpenTelemetry for tracing
maj 17, 2024 2:30:11 AM org.openqa.selenium.remote.ProtocolHandshake createSession
INFO: Detected upstream dialect: W3C
]]></system-err>
  </testcase>
</testsuite>